Arguments:
   datadir:  /home/campus/oberman-lab/data/cifar10
   dataset:  cifar10
   greyscale:  False
   std:  0.1
   num_samples:  10
   log_interval:  100
   logdir:  ./logs/cifar10/ResNet18/20-07-07T125950
   seed:  0
   epochs:  200
   test_batch_size:  100
   valid_size:  None
   train_pen:  False
   retrain:  False
   model_dir:  None
   pth_name:  best.pth.tar
   parallel:  False
   strict:  False
   adv_train:  False
   AT_steps:  10
   AT_ball:  0.5
   save_path:  None
   filename:  data.pkl
   model:  ResNet18
   classes:  10
   dropout:  0
   cutout:  0
   add_gaussian:  False
   bn:  True
   last_layer_nonlinear:  False
   bias:  False
   kernel_size:  3
   model_args:  {}
   batch_size:  128
   lr:  0.1
   lr_schedule:  [[0,1],[60,0.2],[120,0.04],[160,0.008]]
   momentum:  0.9
   decay:  0.0005
   norm:  L2
   fd_order:  O1
   random_labels:  False
   loss_function:  None
   loss_weight:  None
   tik:  None
   pen_const:  None
   num_images:  1000
   save_images:  False
   random_subset:  False


Files already downloaded and verified
Files already downloaded and verified
[Epoch  0, batch 100] penalized training loss: 1.65
[Epoch  0, batch 200] penalized training loss: 1.85
[Epoch  0, batch 300] penalized training loss: 1.65
[Epoch  0] Average test loss: 1.602, error: 56.81%
               Training loss: 1.636, error: 57.61%

[Epoch  1, batch 100] penalized training loss: 1.31
[Epoch  1, batch 200] penalized training loss: 1.32
[Epoch  1, batch 300] penalized training loss: 1.18
[Epoch  1] Average test loss: 1.566, error: 53.89%
               Training loss: 1.590, error: 55.20%

[Epoch  2, batch 100] penalized training loss: 1.14
[Epoch  2, batch 200] penalized training loss: 1.08
[Epoch  2, batch 300] penalized training loss: 1.12
[Epoch  2] Average test loss: 1.102, error: 35.21%
               Training loss: 1.136, error: 35.83%

[Epoch  3, batch 100] penalized training loss: 1.12
[Epoch  3, batch 200] penalized training loss: 0.934
[Epoch  3, batch 300] penalized training loss: 1.02
[Epoch  3] Average test loss: 1.093, error: 33.38%
               Training loss: 1.092, error: 33.59%

[Epoch  4, batch 100] penalized training loss: 1.03
[Epoch  4, batch 200] penalized training loss: 0.957
[Epoch  4, batch 300] penalized training loss: 0.97
[Epoch  4] Average test loss: 0.965, error: 29.39%
               Training loss: 0.954, error: 28.19%

[Epoch  5, batch 100] penalized training loss: 0.855
[Epoch  5, batch 200] penalized training loss: 0.831
[Epoch  5, batch 300] penalized training loss: 0.699
[Epoch  5] Average test loss: 0.900, error: 26.27%
               Training loss: 0.889, error: 25.71%

[Epoch  6, batch 100] penalized training loss: 0.873
[Epoch  6, batch 200] penalized training loss: 0.625
[Epoch  6, batch 300] penalized training loss: 0.885
[Epoch  6] Average test loss: 0.993, error: 29.54%
               Training loss: 0.972, error: 28.37%

[Epoch  7, batch 100] penalized training loss: 0.838
[Epoch  7, batch 200] penalized training loss: 0.955
[Epoch  7, batch 300] penalized training loss: 0.694
[Epoch  7] Average test loss: 0.885, error: 24.44%
               Training loss: 0.868, error: 23.58%

[Epoch  8, batch 100] penalized training loss: 0.807
[Epoch  8, batch 200] penalized training loss: 0.827
[Epoch  8, batch 300] penalized training loss: 0.731
[Epoch  8] Average test loss: 0.829, error: 22.77%
               Training loss: 0.788, error: 20.85%

[Epoch  9, batch 100] penalized training loss: 0.687
[Epoch  9, batch 200] penalized training loss: 0.719
[Epoch  9, batch 300] penalized training loss: 0.729
[Epoch  9] Average test loss: 0.856, error: 23.90%
               Training loss: 0.852, error: 23.61%

[Epoch 10, batch 100] penalized training loss: 0.72
[Epoch 10, batch 200] penalized training loss: 0.706
[Epoch 10, batch 300] penalized training loss: 0.904
[Epoch 10] Average test loss: 0.857, error: 23.93%
               Training loss: 0.847, error: 23.03%

[Epoch 11, batch 100] penalized training loss: 0.783
[Epoch 11, batch 200] penalized training loss: 0.702
[Epoch 11, batch 300] penalized training loss: 0.775
[Epoch 11] Average test loss: 0.763, error: 20.41%
               Training loss: 0.766, error: 20.26%

[Epoch 12, batch 100] penalized training loss: 0.674
[Epoch 12, batch 200] penalized training loss: 0.767
[Epoch 12, batch 300] penalized training loss: 0.701
[Epoch 12] Average test loss: 0.880, error: 24.29%
               Training loss: 0.876, error: 23.75%

[Epoch 13, batch 100] penalized training loss: 0.789
[Epoch 13, batch 200] penalized training loss: 0.757
[Epoch 13, batch 300] penalized training loss: 0.634
[Epoch 13] Average test loss: 0.778, error: 20.56%
               Training loss: 0.758, error: 19.23%

[Epoch 14, batch 100] penalized training loss: 0.717
[Epoch 14, batch 200] penalized training loss: 0.894
[Epoch 14, batch 300] penalized training loss: 0.729
[Epoch 14] Average test loss: 0.743, error: 19.22%
               Training loss: 0.738, error: 18.92%

[Epoch 15, batch 100] penalized training loss: 0.599
[Epoch 15, batch 200] penalized training loss: 0.682
[Epoch 15, batch 300] penalized training loss: 0.739
[Epoch 15] Average test loss: 0.771, error: 21.24%
               Training loss: 0.765, error: 20.48%

[Epoch 16, batch 100] penalized training loss: 0.633
[Epoch 16, batch 200] penalized training loss: 0.679
[Epoch 16, batch 300] penalized training loss: 0.749
[Epoch 16] Average test loss: 0.819, error: 22.50%
               Training loss: 0.794, error: 21.12%

[Epoch 17, batch 100] penalized training loss: 0.683
[Epoch 17, batch 200] penalized training loss: 0.646
[Epoch 17, batch 300] penalized training loss: 0.707
[Epoch 17] Average test loss: 0.799, error: 21.71%
               Training loss: 0.773, error: 20.35%

[Epoch 18, batch 100] penalized training loss: 0.62
[Epoch 18, batch 200] penalized training loss: 0.586
[Epoch 18, batch 300] penalized training loss: 0.7
[Epoch 18] Average test loss: 0.772, error: 21.04%
               Training loss: 0.721, error: 18.65%

[Epoch 19, batch 100] penalized training loss: 0.662
[Epoch 19, batch 200] penalized training loss: 0.624
[Epoch 19, batch 300] penalized training loss: 0.734
[Epoch 19] Average test loss: 0.884, error: 24.48%
               Training loss: 0.880, error: 23.97%

[Epoch 20, batch 100] penalized training loss: 0.631
[Epoch 20, batch 200] penalized training loss: 0.636
[Epoch 20, batch 300] penalized training loss: 0.647
[Epoch 20] Average test loss: 0.817, error: 22.51%
               Training loss: 0.816, error: 22.13%

[Epoch 21, batch 100] penalized training loss: 0.675
[Epoch 21, batch 200] penalized training loss: 0.841
[Epoch 21, batch 300] penalized training loss: 0.717
[Epoch 21] Average test loss: 0.882, error: 24.87%
               Training loss: 0.822, error: 22.48%

[Epoch 22, batch 100] penalized training loss: 0.812
[Epoch 22, batch 200] penalized training loss: 0.748
[Epoch 22, batch 300] penalized training loss: 0.66
[Epoch 22] Average test loss: 0.792, error: 21.07%
               Training loss: 0.756, error: 19.81%

[Epoch 23, batch 100] penalized training loss: 0.752
[Epoch 23, batch 200] penalized training loss: 0.65
[Epoch 23, batch 300] penalized training loss: 0.697
[Epoch 23] Average test loss: 0.733, error: 19.19%
               Training loss: 0.731, error: 18.49%

[Epoch 24, batch 100] penalized training loss: 0.649
[Epoch 24, batch 200] penalized training loss: 0.772
[Epoch 24, batch 300] penalized training loss: 0.715
[Epoch 24] Average test loss: 0.765, error: 20.42%
               Training loss: 0.721, error: 18.27%

[Epoch 25, batch 100] penalized training loss: 0.771
[Epoch 25, batch 200] penalized training loss: 0.716
[Epoch 25, batch 300] penalized training loss: 0.683
[Epoch 25] Average test loss: 0.773, error: 20.49%
               Training loss: 0.741, error: 19.08%

[Epoch 26, batch 100] penalized training loss: 0.703
[Epoch 26, batch 200] penalized training loss: 0.647
[Epoch 26, batch 300] penalized training loss: 0.644
[Epoch 26] Average test loss: 0.813, error: 21.62%
               Training loss: 0.769, error: 19.49%

[Epoch 27, batch 100] penalized training loss: 0.573
[Epoch 27, batch 200] penalized training loss: 0.744
[Epoch 27, batch 300] penalized training loss: 0.64
[Epoch 27] Average test loss: 0.718, error: 18.52%
               Training loss: 0.685, error: 16.90%

[Epoch 28, batch 100] penalized training loss: 0.612
[Epoch 28, batch 200] penalized training loss: 0.576
[Epoch 28, batch 300] penalized training loss: 0.72
[Epoch 28] Average test loss: 0.865, error: 23.96%
               Training loss: 0.806, error: 21.52%

[Epoch 29, batch 100] penalized training loss: 0.67
[Epoch 29, batch 200] penalized training loss: 0.738
[Epoch 29, batch 300] penalized training loss: 0.584
[Epoch 29] Average test loss: 0.821, error: 22.55%
               Training loss: 0.797, error: 21.33%

[Epoch 30, batch 100] penalized training loss: 0.623
[Epoch 30, batch 200] penalized training loss: 0.644
[Epoch 30, batch 300] penalized training loss: 0.692
[Epoch 30] Average test loss: 0.727, error: 18.95%
               Training loss: 0.687, error: 16.91%

[Epoch 31, batch 100] penalized training loss: 0.811
[Epoch 31, batch 200] penalized training loss: 0.714
[Epoch 31, batch 300] penalized training loss: 0.699
[Epoch 31] Average test loss: 0.793, error: 21.63%
               Training loss: 0.767, error: 20.11%

[Epoch 32, batch 100] penalized training loss: 0.646
[Epoch 32, batch 200] penalized training loss: 0.653
[Epoch 32, batch 300] penalized training loss: 0.765
[Epoch 32] Average test loss: 0.908, error: 25.23%
               Training loss: 0.862, error: 23.59%

[Epoch 33, batch 100] penalized training loss: 0.58
[Epoch 33, batch 200] penalized training loss: 0.703
[Epoch 33, batch 300] penalized training loss: 0.746
[Epoch 33] Average test loss: 0.691, error: 17.73%
               Training loss: 0.669, error: 16.06%

[Epoch 34, batch 100] penalized training loss: 0.669
[Epoch 34, batch 200] penalized training loss: 0.662
[Epoch 34, batch 300] penalized training loss: 0.626
[Epoch 34] Average test loss: 0.748, error: 20.10%
               Training loss: 0.716, error: 18.41%

[Epoch 35, batch 100] penalized training loss: 0.624
[Epoch 35, batch 200] penalized training loss: 0.64
[Epoch 35, batch 300] penalized training loss: 0.561
[Epoch 35] Average test loss: 0.764, error: 19.98%
               Training loss: 0.716, error: 17.82%

[Epoch 36, batch 100] penalized training loss: 0.556
[Epoch 36, batch 200] penalized training loss: 0.625
[Epoch 36, batch 300] penalized training loss: 0.585
[Epoch 36] Average test loss: 0.723, error: 17.74%
               Training loss: 0.683, error: 15.87%

[Epoch 37, batch 100] penalized training loss: 0.635
[Epoch 37, batch 200] penalized training loss: 0.687
[Epoch 37, batch 300] penalized training loss: 0.702
[Epoch 37] Average test loss: 0.697, error: 17.64%
               Training loss: 0.665, error: 16.02%

[Epoch 38, batch 100] penalized training loss: 0.729
[Epoch 38, batch 200] penalized training loss: 0.716
[Epoch 38, batch 300] penalized training loss: 0.7
[Epoch 38] Average test loss: 0.717, error: 17.88%
               Training loss: 0.661, error: 15.55%

[Epoch 39, batch 100] penalized training loss: 0.669
[Epoch 39, batch 200] penalized training loss: 0.826
[Epoch 39, batch 300] penalized training loss: 0.674
[Epoch 39] Average test loss: 0.774, error: 20.50%
               Training loss: 0.741, error: 18.70%

[Epoch 40, batch 100] penalized training loss: 0.629
[Epoch 40, batch 200] penalized training loss: 0.561
[Epoch 40, batch 300] penalized training loss: 0.791
[Epoch 40] Average test loss: 0.728, error: 18.32%
               Training loss: 0.683, error: 16.29%

[Epoch 41, batch 100] penalized training loss: 0.613
[Epoch 41, batch 200] penalized training loss: 0.619
[Epoch 41, batch 300] penalized training loss: 0.699
[Epoch 41] Average test loss: 0.953, error: 26.49%
               Training loss: 0.917, error: 25.02%

[Epoch 42, batch 100] penalized training loss: 0.652
[Epoch 42, batch 200] penalized training loss: 0.617
[Epoch 42, batch 300] penalized training loss: 0.661
[Epoch 42] Average test loss: 0.723, error: 18.46%
               Training loss: 0.690, error: 16.51%

[Epoch 43, batch 100] penalized training loss: 0.666
[Epoch 43, batch 200] penalized training loss: 0.717
[Epoch 43, batch 300] penalized training loss: 0.553
[Epoch 43] Average test loss: 0.744, error: 19.73%
               Training loss: 0.716, error: 18.08%

[Epoch 44, batch 100] penalized training loss: 0.648
[Epoch 44, batch 200] penalized training loss: 0.621
[Epoch 44, batch 300] penalized training loss: 0.777
[Epoch 44] Average test loss: 0.705, error: 17.78%
               Training loss: 0.667, error: 15.83%

[Epoch 45, batch 100] penalized training loss: 0.564
[Epoch 45, batch 200] penalized training loss: 0.712
[Epoch 45, batch 300] penalized training loss: 0.686
[Epoch 45] Average test loss: 0.706, error: 18.17%
               Training loss: 0.665, error: 16.18%

[Epoch 46, batch 100] penalized training loss: 0.617
[Epoch 46, batch 200] penalized training loss: 0.701
[Epoch 46, batch 300] penalized training loss: 0.678
[Epoch 46] Average test loss: 0.716, error: 18.66%
               Training loss: 0.699, error: 17.41%

[Epoch 47, batch 100] penalized training loss: 0.694
[Epoch 47, batch 200] penalized training loss: 0.646
[Epoch 47, batch 300] penalized training loss: 0.658
[Epoch 47] Average test loss: 0.662, error: 15.93%
               Training loss: 0.643, error: 14.70%

[Epoch 48, batch 100] penalized training loss: 0.626
[Epoch 48, batch 200] penalized training loss: 0.635
[Epoch 48, batch 300] penalized training loss: 0.599
[Epoch 48] Average test loss: 0.667, error: 16.90%
               Training loss: 0.633, error: 14.94%

[Epoch 49, batch 100] penalized training loss: 0.72
[Epoch 49, batch 200] penalized training loss: 0.847
[Epoch 49, batch 300] penalized training loss: 0.5
[Epoch 49] Average test loss: 0.683, error: 17.54%
               Training loss: 0.631, error: 14.66%

[Epoch 50, batch 100] penalized training loss: 0.579
[Epoch 50, batch 200] penalized training loss: 0.645
[Epoch 50, batch 300] penalized training loss: 0.573
[Epoch 50] Average test loss: 0.667, error: 16.52%
               Training loss: 0.630, error: 14.59%

[Epoch 51, batch 100] penalized training loss: 0.684
[Epoch 51, batch 200] penalized training loss: 0.624
[Epoch 51, batch 300] penalized training loss: 0.597
[Epoch 51] Average test loss: 0.832, error: 22.92%
               Training loss: 0.781, error: 20.65%

[Epoch 52, batch 100] penalized training loss: 0.647
[Epoch 52, batch 200] penalized training loss: 0.578
[Epoch 52, batch 300] penalized training loss: 0.547
[Epoch 52] Average test loss: 0.789, error: 20.45%
               Training loss: 0.737, error: 18.37%

[Epoch 53, batch 100] penalized training loss: 0.693
[Epoch 53, batch 200] penalized training loss: 0.66
[Epoch 53, batch 300] penalized training loss: 0.619
[Epoch 53] Average test loss: 0.685, error: 17.25%
               Training loss: 0.648, error: 15.22%

[Epoch 54, batch 100] penalized training loss: 0.569
[Epoch 54, batch 200] penalized training loss: 0.657
[Epoch 54, batch 300] penalized training loss: 0.662
[Epoch 54] Average test loss: 0.734, error: 19.28%
               Training loss: 0.709, error: 17.97%

[Epoch 55, batch 100] penalized training loss: 0.646
[Epoch 55, batch 200] penalized training loss: 0.652
[Epoch 55, batch 300] penalized training loss: 0.581
[Epoch 55] Average test loss: 0.674, error: 16.97%
               Training loss: 0.636, error: 14.80%

[Epoch 56, batch 100] penalized training loss: 0.622
[Epoch 56, batch 200] penalized training loss: 0.651
[Epoch 56, batch 300] penalized training loss: 0.618
[Epoch 56] Average test loss: 0.778, error: 20.27%
               Training loss: 0.755, error: 19.36%

[Epoch 57, batch 100] penalized training loss: 0.657
[Epoch 57, batch 200] penalized training loss: 0.57
[Epoch 57, batch 300] penalized training loss: 0.561
[Epoch 57] Average test loss: 0.694, error: 17.07%
               Training loss: 0.660, error: 15.96%

[Epoch 58, batch 100] penalized training loss: 0.664
[Epoch 58, batch 200] penalized training loss: 0.613
[Epoch 58, batch 300] penalized training loss: 0.643
[Epoch 58] Average test loss: 0.913, error: 25.16%
               Training loss: 0.878, error: 23.77%

[Epoch 59, batch 100] penalized training loss: 0.486
[Epoch 59, batch 200] penalized training loss: 0.582
[Epoch 59, batch 300] penalized training loss: 0.547
[Epoch 59] Average test loss: 0.536, error: 10.73%
               Training loss: 0.462, error: 7.41%

[Epoch 60, batch 100] penalized training loss: 0.554
[Epoch 60, batch 200] penalized training loss: 0.378
[Epoch 60, batch 300] penalized training loss: 0.442
[Epoch 60] Average test loss: 0.513, error: 9.90%
               Training loss: 0.434, error: 6.55%

[Epoch 61, batch 100] penalized training loss: 0.563
[Epoch 61, batch 200] penalized training loss: 0.482
[Epoch 61, batch 300] penalized training loss: 0.493
[Epoch 61] Average test loss: 0.514, error: 10.05%
               Training loss: 0.430, error: 6.21%

[Epoch 62, batch 100] penalized training loss: 0.481
[Epoch 62, batch 200] penalized training loss: 0.448
[Epoch 62, batch 300] penalized training loss: 0.421
[Epoch 62] Average test loss: 0.525, error: 10.16%
               Training loss: 0.434, error: 6.21%

[Epoch 63, batch 100] penalized training loss: 0.418
[Epoch 63, batch 200] penalized training loss: 0.46
[Epoch 63, batch 300] penalized training loss: 0.471
[Epoch 63] Average test loss: 0.538, error: 10.42%
               Training loss: 0.438, error: 6.37%

[Epoch 64, batch 100] penalized training loss: 0.465
[Epoch 64, batch 200] penalized training loss: 0.463
[Epoch 64, batch 300] penalized training loss: 0.488
[Epoch 64] Average test loss: 0.523, error: 10.11%
               Training loss: 0.419, error: 5.54%

[Epoch 65, batch 100] penalized training loss: 0.459
[Epoch 65, batch 200] penalized training loss: 0.465
[Epoch 65, batch 300] penalized training loss: 0.535
[Epoch 65] Average test loss: 0.556, error: 11.30%
               Training loss: 0.449, error: 6.93%

[Epoch 66, batch 100] penalized training loss: 0.488
[Epoch 66, batch 200] penalized training loss: 0.447
[Epoch 66, batch 300] penalized training loss: 0.514
[Epoch 66] Average test loss: 0.521, error: 10.28%
               Training loss: 0.421, error: 5.87%

[Epoch 67, batch 100] penalized training loss: 0.503
[Epoch 67, batch 200] penalized training loss: 0.458
[Epoch 67, batch 300] penalized training loss: 0.466
[Epoch 67] Average test loss: 0.546, error: 11.10%
               Training loss: 0.438, error: 6.73%

[Epoch 68, batch 100] penalized training loss: 0.464
[Epoch 68, batch 200] penalized training loss: 0.504
[Epoch 68, batch 300] penalized training loss: 0.495
[Epoch 68] Average test loss: 0.532, error: 10.27%
               Training loss: 0.428, error: 5.75%

[Epoch 69, batch 100] penalized training loss: 0.389
[Epoch 69, batch 200] penalized training loss: 0.394
[Epoch 69, batch 300] penalized training loss: 0.487
[Epoch 69] Average test loss: 0.540, error: 11.10%
               Training loss: 0.440, error: 6.71%

[Epoch 70, batch 100] penalized training loss: 0.395
[Epoch 70, batch 200] penalized training loss: 0.413
[Epoch 70, batch 300] penalized training loss: 0.419
[Epoch 70] Average test loss: 0.556, error: 11.57%
               Training loss: 0.434, error: 6.28%

[Epoch 71, batch 100] penalized training loss: 0.438
[Epoch 71, batch 200] penalized training loss: 0.48
[Epoch 71, batch 300] penalized training loss: 0.521
[Epoch 71] Average test loss: 0.540, error: 11.28%
               Training loss: 0.432, error: 6.53%

[Epoch 72, batch 100] penalized training loss: 0.538
[Epoch 72, batch 200] penalized training loss: 0.45
[Epoch 72, batch 300] penalized training loss: 0.401
[Epoch 72] Average test loss: 0.573, error: 11.93%
               Training loss: 0.462, error: 7.23%

[Epoch 73, batch 100] penalized training loss: 0.474
[Epoch 73, batch 200] penalized training loss: 0.479
[Epoch 73, batch 300] penalized training loss: 0.477
[Epoch 73] Average test loss: 0.572, error: 11.95%
               Training loss: 0.457, error: 7.29%

[Epoch 74, batch 100] penalized training loss: 0.467
[Epoch 74, batch 200] penalized training loss: 0.43
[Epoch 74, batch 300] penalized training loss: 0.493
[Epoch 74] Average test loss: 0.558, error: 12.22%
               Training loss: 0.441, error: 7.23%

[Epoch 75, batch 100] penalized training loss: 0.445
[Epoch 75, batch 200] penalized training loss: 0.446
[Epoch 75, batch 300] penalized training loss: 0.56
[Epoch 75] Average test loss: 0.541, error: 10.76%
               Training loss: 0.432, error: 6.19%

[Epoch 76, batch 100] penalized training loss: 0.427
[Epoch 76, batch 200] penalized training loss: 0.466
[Epoch 76, batch 300] penalized training loss: 0.405
[Epoch 76] Average test loss: 0.541, error: 10.73%
               Training loss: 0.431, error: 6.02%

[Epoch 77, batch 100] penalized training loss: 0.444
[Epoch 77, batch 200] penalized training loss: 0.466
[Epoch 77, batch 300] penalized training loss: 0.412
[Epoch 77] Average test loss: 0.553, error: 11.49%
               Training loss: 0.450, error: 7.14%

[Epoch 78, batch 100] penalized training loss: 0.479
[Epoch 78, batch 200] penalized training loss: 0.46
[Epoch 78, batch 300] penalized training loss: 0.608
[Epoch 78] Average test loss: 0.563, error: 11.42%
               Training loss: 0.445, error: 6.71%

[Epoch 79, batch 100] penalized training loss: 0.467
[Epoch 79, batch 200] penalized training loss: 0.471
[Epoch 79, batch 300] penalized training loss: 0.452
[Epoch 79] Average test loss: 0.538, error: 10.65%
               Training loss: 0.436, error: 6.36%

[Epoch 80, batch 100] penalized training loss: 0.457
[Epoch 80, batch 200] penalized training loss: 0.447
[Epoch 80, batch 300] penalized training loss: 0.507
[Epoch 80] Average test loss: 0.560, error: 11.44%
               Training loss: 0.445, error: 6.53%

[Epoch 81, batch 100] penalized training loss: 0.43
[Epoch 81, batch 200] penalized training loss: 0.516
[Epoch 81, batch 300] penalized training loss: 0.387
[Epoch 81] Average test loss: 0.591, error: 12.73%
               Training loss: 0.483, error: 8.42%

[Epoch 82, batch 100] penalized training loss: 0.375
[Epoch 82, batch 200] penalized training loss: 0.51
[Epoch 82, batch 300] penalized training loss: 0.487
[Epoch 82] Average test loss: 0.583, error: 12.49%
               Training loss: 0.472, error: 8.16%

[Epoch 83, batch 100] penalized training loss: 0.469
[Epoch 83, batch 200] penalized training loss: 0.489
[Epoch 83, batch 300] penalized training loss: 0.378
[Epoch 83] Average test loss: 0.570, error: 11.76%
               Training loss: 0.447, error: 6.76%

[Epoch 84, batch 100] penalized training loss: 0.498
[Epoch 84, batch 200] penalized training loss: 0.52
[Epoch 84, batch 300] penalized training loss: 0.45
[Epoch 84] Average test loss: 0.544, error: 11.26%
               Training loss: 0.432, error: 6.22%

[Epoch 85, batch 100] penalized training loss: 0.514
[Epoch 85, batch 200] penalized training loss: 0.499
[Epoch 85, batch 300] penalized training loss: 0.368
[Epoch 85] Average test loss: 0.552, error: 10.92%
               Training loss: 0.438, error: 6.26%

[Epoch 86, batch 100] penalized training loss: 0.481
[Epoch 86, batch 200] penalized training loss: 0.477
[Epoch 86, batch 300] penalized training loss: 0.379
[Epoch 86] Average test loss: 0.562, error: 11.61%
               Training loss: 0.446, error: 6.82%

[Epoch 87, batch 100] penalized training loss: 0.489
[Epoch 87, batch 200] penalized training loss: 0.435
[Epoch 87, batch 300] penalized training loss: 0.508
[Epoch 87] Average test loss: 0.574, error: 11.98%
               Training loss: 0.447, error: 6.78%

[Epoch 88, batch 100] penalized training loss: 0.452
[Epoch 88, batch 200] penalized training loss: 0.552
[Epoch 88, batch 300] penalized training loss: 0.433
[Epoch 88] Average test loss: 0.572, error: 12.24%
               Training loss: 0.453, error: 7.17%

[Epoch 89, batch 100] penalized training loss: 0.39
[Epoch 89, batch 200] penalized training loss: 0.428
[Epoch 89, batch 300] penalized training loss: 0.5
[Epoch 89] Average test loss: 0.551, error: 11.38%
               Training loss: 0.436, error: 6.37%

[Epoch 90, batch 100] penalized training loss: 0.435
[Epoch 90, batch 200] penalized training loss: 0.422
[Epoch 90, batch 300] penalized training loss: 0.475
[Epoch 90] Average test loss: 0.609, error: 13.26%
               Training loss: 0.476, error: 7.65%

[Epoch 91, batch 100] penalized training loss: 0.451
[Epoch 91, batch 200] penalized training loss: 0.467
[Epoch 91, batch 300] penalized training loss: 0.486
[Epoch 91] Average test loss: 0.550, error: 11.20%
               Training loss: 0.432, error: 6.23%

[Epoch 92, batch 100] penalized training loss: 0.472
[Epoch 92, batch 200] penalized training loss: 0.42
[Epoch 92, batch 300] penalized training loss: 0.453
[Epoch 92] Average test loss: 0.553, error: 11.06%
               Training loss: 0.436, error: 6.13%

[Epoch 93, batch 100] penalized training loss: 0.43
[Epoch 93, batch 200] penalized training loss: 0.445
[Epoch 93, batch 300] penalized training loss: 0.471
[Epoch 93] Average test loss: 0.580, error: 11.68%
               Training loss: 0.448, error: 6.39%

[Epoch 94, batch 100] penalized training loss: 0.483
[Epoch 94, batch 200] penalized training loss: 0.453
[Epoch 94, batch 300] penalized training loss: 0.493
[Epoch 94] Average test loss: 0.584, error: 11.88%
               Training loss: 0.460, error: 6.97%

[Epoch 95, batch 100] penalized training loss: 0.457
[Epoch 95, batch 200] penalized training loss: 0.475
[Epoch 95, batch 300] penalized training loss: 0.482
[Epoch 95] Average test loss: 0.553, error: 11.34%
               Training loss: 0.435, error: 6.17%

[Epoch 96, batch 100] penalized training loss: 0.46
[Epoch 96, batch 200] penalized training loss: 0.478
[Epoch 96, batch 300] penalized training loss: 0.475
[Epoch 96] Average test loss: 0.579, error: 11.66%
               Training loss: 0.463, error: 6.95%

[Epoch 97, batch 100] penalized training loss: 0.406
[Epoch 97, batch 200] penalized training loss: 0.475
[Epoch 97, batch 300] penalized training loss: 0.504
[Epoch 97] Average test loss: 0.553, error: 11.18%
               Training loss: 0.435, error: 6.08%

[Epoch 98, batch 100] penalized training loss: 0.439
[Epoch 98, batch 200] penalized training loss: 0.436
[Epoch 98, batch 300] penalized training loss: 0.457
[Epoch 98] Average test loss: 0.570, error: 12.08%
               Training loss: 0.448, error: 6.92%

[Epoch 99, batch 100] penalized training loss: 0.468
[Epoch 99, batch 200] penalized training loss: 0.504
[Epoch 99, batch 300] penalized training loss: 0.584
[Epoch 99] Average test loss: 0.544, error: 10.72%
               Training loss: 0.425, error: 5.92%

[Epoch 100, batch 100] penalized training loss: 0.42
[Epoch 100, batch 200] penalized training loss: 0.422
[Epoch 100, batch 300] penalized training loss: 0.581
[Epoch 100] Average test loss: 0.552, error: 11.34%
               Training loss: 0.446, error: 7.04%

[Epoch 101, batch 100] penalized training loss: 0.383
[Epoch 101, batch 200] penalized training loss: 0.462
[Epoch 101, batch 300] penalized training loss: 0.396
[Epoch 101] Average test loss: 0.559, error: 11.45%
               Training loss: 0.437, error: 6.45%

[Epoch 102, batch 100] penalized training loss: 0.429
[Epoch 102, batch 200] penalized training loss: 0.51
[Epoch 102, batch 300] penalized training loss: 0.452
[Epoch 102] Average test loss: 0.561, error: 11.54%
               Training loss: 0.425, error: 5.77%

[Epoch 103, batch 100] penalized training loss: 0.445
[Epoch 103, batch 200] penalized training loss: 0.479
[Epoch 103, batch 300] penalized training loss: 0.445
[Epoch 103] Average test loss: 0.584, error: 12.28%
               Training loss: 0.445, error: 6.45%

[Epoch 104, batch 100] penalized training loss: 0.479
[Epoch 104, batch 200] penalized training loss: 0.497
[Epoch 104, batch 300] penalized training loss: 0.45
[Epoch 104] Average test loss: 0.546, error: 10.90%
               Training loss: 0.426, error: 5.95%

[Epoch 105, batch 100] penalized training loss: 0.478
[Epoch 105, batch 200] penalized training loss: 0.445
[Epoch 105, batch 300] penalized training loss: 0.468
[Epoch 105] Average test loss: 0.538, error: 10.43%
               Training loss: 0.424, error: 5.62%

[Epoch 106, batch 100] penalized training loss: 0.447
[Epoch 106, batch 200] penalized training loss: 0.44
[Epoch 106, batch 300] penalized training loss: 0.488
[Epoch 106] Average test loss: 0.574, error: 11.47%
               Training loss: 0.438, error: 6.12%

[Epoch 107, batch 100] penalized training loss: 0.477
[Epoch 107, batch 200] penalized training loss: 0.5
[Epoch 107, batch 300] penalized training loss: 0.437
[Epoch 107] Average test loss: 0.572, error: 12.11%
               Training loss: 0.446, error: 6.84%

[Epoch 108, batch 100] penalized training loss: 0.474
[Epoch 108, batch 200] penalized training loss: 0.409
[Epoch 108, batch 300] penalized training loss: 0.439
[Epoch 108] Average test loss: 0.579, error: 11.89%
               Training loss: 0.448, error: 6.69%

[Epoch 109, batch 100] penalized training loss: 0.394
[Epoch 109, batch 200] penalized training loss: 0.391
[Epoch 109, batch 300] penalized training loss: 0.536
[Epoch 109] Average test loss: 0.557, error: 11.36%
               Training loss: 0.427, error: 5.84%

[Epoch 110, batch 100] penalized training loss: 0.376
[Epoch 110, batch 200] penalized training loss: 0.42
[Epoch 110, batch 300] penalized training loss: 0.446
[Epoch 110] Average test loss: 0.554, error: 11.03%
               Training loss: 0.444, error: 6.49%

[Epoch 111, batch 100] penalized training loss: 0.421
[Epoch 111, batch 200] penalized training loss: 0.477
[Epoch 111, batch 300] penalized training loss: 0.503
[Epoch 111] Average test loss: 0.557, error: 11.47%
               Training loss: 0.431, error: 6.33%

[Epoch 112, batch 100] penalized training loss: 0.392
[Epoch 112, batch 200] penalized training loss: 0.466
[Epoch 112, batch 300] penalized training loss: 0.506
[Epoch 112] Average test loss: 0.557, error: 11.36%
               Training loss: 0.443, error: 6.98%

[Epoch 113, batch 100] penalized training loss: 0.374
[Epoch 113, batch 200] penalized training loss: 0.42
[Epoch 113, batch 300] penalized training loss: 0.408
[Epoch 113] Average test loss: 0.554, error: 10.86%
               Training loss: 0.419, error: 5.44%

[Epoch 114, batch 100] penalized training loss: 0.411
[Epoch 114, batch 200] penalized training loss: 0.445
[Epoch 114, batch 300] penalized training loss: 0.511
[Epoch 114] Average test loss: 0.550, error: 11.00%
               Training loss: 0.431, error: 6.17%

[Epoch 115, batch 100] penalized training loss: 0.425
[Epoch 115, batch 200] penalized training loss: 0.406
[Epoch 115, batch 300] penalized training loss: 0.379
[Epoch 115] Average test loss: 0.550, error: 11.12%
               Training loss: 0.432, error: 6.14%

[Epoch 116, batch 100] penalized training loss: 0.546
[Epoch 116, batch 200] penalized training loss: 0.441
[Epoch 116, batch 300] penalized training loss: 0.464
[Epoch 116] Average test loss: 0.589, error: 12.27%
               Training loss: 0.467, error: 7.11%

[Epoch 117, batch 100] penalized training loss: 0.492
[Epoch 117, batch 200] penalized training loss: 0.387
[Epoch 117, batch 300] penalized training loss: 0.447
[Epoch 117] Average test loss: 0.564, error: 11.57%
               Training loss: 0.421, error: 5.92%

[Epoch 118, batch 100] penalized training loss: 0.399
[Epoch 118, batch 200] penalized training loss: 0.474
[Epoch 118, batch 300] penalized training loss: 0.42
[Epoch 118] Average test loss: 0.568, error: 12.08%
               Training loss: 0.437, error: 6.49%

[Epoch 119, batch 100] penalized training loss: 0.422
[Epoch 119, batch 200] penalized training loss: 0.378
[Epoch 119, batch 300] penalized training loss: 0.358
[Epoch 119] Average test loss: 0.493, error: 8.39%
               Training loss: 0.346, error: 2.47%

[Epoch 120, batch 100] penalized training loss: 0.335
[Epoch 120, batch 200] penalized training loss: 0.37
[Epoch 120, batch 300] penalized training loss: 0.371
[Epoch 120] Average test loss: 0.487, error: 8.37%
               Training loss: 0.334, error: 1.98%

[Epoch 121, batch 100] penalized training loss: 0.388
[Epoch 121, batch 200] penalized training loss: 0.363
[Epoch 121, batch 300] penalized training loss: 0.401
[Epoch 121] Average test loss: 0.489, error: 8.36%
               Training loss: 0.333, error: 1.85%

[Epoch 122, batch 100] penalized training loss: 0.393
[Epoch 122, batch 200] penalized training loss: 0.38
[Epoch 122, batch 300] penalized training loss: 0.318
[Epoch 122] Average test loss: 0.494, error: 8.49%
               Training loss: 0.328, error: 1.67%

[Epoch 123, batch 100] penalized training loss: 0.361
[Epoch 123, batch 200] penalized training loss: 0.366
[Epoch 123, batch 300] penalized training loss: 0.325
[Epoch 123] Average test loss: 0.498, error: 8.38%
               Training loss: 0.326, error: 1.59%

[Epoch 124, batch 100] penalized training loss: 0.319
[Epoch 124, batch 200] penalized training loss: 0.335
[Epoch 124, batch 300] penalized training loss: 0.397
[Epoch 124] Average test loss: 0.493, error: 8.20%
               Training loss: 0.320, error: 1.40%

[Epoch 125, batch 100] penalized training loss: 0.339
[Epoch 125, batch 200] penalized training loss: 0.312
[Epoch 125, batch 300] penalized training loss: 0.414
[Epoch 125] Average test loss: 0.491, error: 8.28%
               Training loss: 0.320, error: 1.36%

[Epoch 126, batch 100] penalized training loss: 0.361
[Epoch 126, batch 200] penalized training loss: 0.314
[Epoch 126, batch 300] penalized training loss: 0.319
[Epoch 126] Average test loss: 0.498, error: 8.35%
               Training loss: 0.321, error: 1.34%

[Epoch 127, batch 100] penalized training loss: 0.328
[Epoch 127, batch 200] penalized training loss: 0.322
[Epoch 127, batch 300] penalized training loss: 0.363
[Epoch 127] Average test loss: 0.493, error: 8.02%
               Training loss: 0.317, error: 1.26%

[Epoch 128, batch 100] penalized training loss: 0.351
[Epoch 128, batch 200] penalized training loss: 0.302
[Epoch 128, batch 300] penalized training loss: 0.372
[Epoch 128] Average test loss: 0.493, error: 8.32%
               Training loss: 0.311, error: 1.02%

[Epoch 129, batch 100] penalized training loss: 0.351
[Epoch 129, batch 200] penalized training loss: 0.295
[Epoch 129, batch 300] penalized training loss: 0.344
[Epoch 129] Average test loss: 0.498, error: 8.42%
               Training loss: 0.316, error: 1.16%

[Epoch 130, batch 100] penalized training loss: 0.357
[Epoch 130, batch 200] penalized training loss: 0.315
[Epoch 130, batch 300] penalized training loss: 0.384
[Epoch 130] Average test loss: 0.497, error: 8.20%
               Training loss: 0.318, error: 1.09%

[Epoch 131, batch 100] penalized training loss: 0.316
[Epoch 131, batch 200] penalized training loss: 0.364
[Epoch 131, batch 300] penalized training loss: 0.32
[Epoch 131] Average test loss: 0.500, error: 8.27%
               Training loss: 0.316, error: 1.09%

[Epoch 132, batch 100] penalized training loss: 0.297
[Epoch 132, batch 200] penalized training loss: 0.327
[Epoch 132, batch 300] penalized training loss: 0.344
[Epoch 132] Average test loss: 0.499, error: 8.41%
               Training loss: 0.309, error: 1.04%

[Epoch 133, batch 100] penalized training loss: 0.317
[Epoch 133, batch 200] penalized training loss: 0.318
[Epoch 133, batch 300] penalized training loss: 0.371
[Epoch 133] Average test loss: 0.495, error: 8.26%
               Training loss: 0.309, error: 1.04%

[Epoch 134, batch 100] penalized training loss: 0.373
[Epoch 134, batch 200] penalized training loss: 0.354
[Epoch 134, batch 300] penalized training loss: 0.318
[Epoch 134] Average test loss: 0.492, error: 7.95%
               Training loss: 0.307, error: 0.92%

[Epoch 135, batch 100] penalized training loss: 0.327
[Epoch 135, batch 200] penalized training loss: 0.33
[Epoch 135, batch 300] penalized training loss: 0.37
[Epoch 135] Average test loss: 0.500, error: 8.28%
               Training loss: 0.313, error: 0.96%

[Epoch 136, batch 100] penalized training loss: 0.331
[Epoch 136, batch 200] penalized training loss: 0.399
[Epoch 136, batch 300] penalized training loss: 0.318
[Epoch 136] Average test loss: 0.502, error: 8.32%
               Training loss: 0.311, error: 0.99%

[Epoch 137, batch 100] penalized training loss: 0.313
[Epoch 137, batch 200] penalized training loss: 0.313
[Epoch 137, batch 300] penalized training loss: 0.354
[Epoch 137] Average test loss: 0.494, error: 8.17%
               Training loss: 0.307, error: 0.97%

[Epoch 138, batch 100] penalized training loss: 0.337
[Epoch 138, batch 200] penalized training loss: 0.33
[Epoch 138, batch 300] penalized training loss: 0.362
[Epoch 138] Average test loss: 0.497, error: 8.26%
               Training loss: 0.308, error: 0.90%

[Epoch 139, batch 100] penalized training loss: 0.368
[Epoch 139, batch 200] penalized training loss: 0.453
[Epoch 139, batch 300] penalized training loss: 0.292
[Epoch 139] Average test loss: 0.498, error: 8.31%
               Training loss: 0.306, error: 0.89%

[Epoch 140, batch 100] penalized training loss: 0.33
[Epoch 140, batch 200] penalized training loss: 0.366
[Epoch 140, batch 300] penalized training loss: 0.303
[Epoch 140] Average test loss: 0.507, error: 8.66%
               Training loss: 0.313, error: 0.95%

[Epoch 141, batch 100] penalized training loss: 0.341
[Epoch 141, batch 200] penalized training loss: 0.317
[Epoch 141, batch 300] penalized training loss: 0.338
[Epoch 141] Average test loss: 0.507, error: 8.42%
               Training loss: 0.310, error: 0.87%

[Epoch 142, batch 100] penalized training loss: 0.372
[Epoch 142, batch 200] penalized training loss: 0.342
[Epoch 142, batch 300] penalized training loss: 0.313
[Epoch 142] Average test loss: 0.502, error: 8.43%
               Training loss: 0.308, error: 0.89%

[Epoch 143, batch 100] penalized training loss: 0.412
[Epoch 143, batch 200] penalized training loss: 0.364
[Epoch 143, batch 300] penalized training loss: 0.362
[Epoch 143] Average test loss: 0.507, error: 8.32%
               Training loss: 0.308, error: 0.83%

[Epoch 144, batch 100] penalized training loss: 0.317
[Epoch 144, batch 200] penalized training loss: 0.312
[Epoch 144, batch 300] penalized training loss: 0.32
[Epoch 144] Average test loss: 0.507, error: 8.24%
               Training loss: 0.308, error: 0.88%

[Epoch 145, batch 100] penalized training loss: 0.347
[Epoch 145, batch 200] penalized training loss: 0.309
[Epoch 145, batch 300] penalized training loss: 0.353
[Epoch 145] Average test loss: 0.504, error: 8.21%
               Training loss: 0.307, error: 0.84%

[Epoch 146, batch 100] penalized training loss: 0.336
[Epoch 146, batch 200] penalized training loss: 0.32
[Epoch 146, batch 300] penalized training loss: 0.346
[Epoch 146] Average test loss: 0.507, error: 8.27%
               Training loss: 0.313, error: 0.93%

[Epoch 147, batch 100] penalized training loss: 0.31
[Epoch 147, batch 200] penalized training loss: 0.338
[Epoch 147, batch 300] penalized training loss: 0.321
[Epoch 147] Average test loss: 0.509, error: 8.55%
               Training loss: 0.312, error: 1.05%

[Epoch 148, batch 100] penalized training loss: 0.355
[Epoch 148, batch 200] penalized training loss: 0.318
[Epoch 148, batch 300] penalized training loss: 0.397
[Epoch 148] Average test loss: 0.505, error: 8.28%
               Training loss: 0.310, error: 0.85%

[Epoch 149, batch 100] penalized training loss: 0.366
[Epoch 149, batch 200] penalized training loss: 0.375
[Epoch 149, batch 300] penalized training loss: 0.333
[Epoch 149] Average test loss: 0.516, error: 8.78%
               Training loss: 0.313, error: 1.00%

[Epoch 150, batch 100] penalized training loss: 0.305
[Epoch 150, batch 200] penalized training loss: 0.338
[Epoch 150, batch 300] penalized training loss: 0.326
[Epoch 150] Average test loss: 0.513, error: 8.73%
               Training loss: 0.309, error: 0.88%

[Epoch 151, batch 100] penalized training loss: 0.317
[Epoch 151, batch 200] penalized training loss: 0.292
[Epoch 151, batch 300] penalized training loss: 0.311
[Epoch 151] Average test loss: 0.511, error: 8.37%
               Training loss: 0.310, error: 0.83%

[Epoch 152, batch 100] penalized training loss: 0.327
[Epoch 152, batch 200] penalized training loss: 0.348
[Epoch 152, batch 300] penalized training loss: 0.315
[Epoch 152] Average test loss: 0.514, error: 8.37%
               Training loss: 0.316, error: 0.92%

[Epoch 153, batch 100] penalized training loss: 0.342
[Epoch 153, batch 200] penalized training loss: 0.348
[Epoch 153, batch 300] penalized training loss: 0.335
[Epoch 153] Average test loss: 0.508, error: 8.23%
               Training loss: 0.305, error: 0.76%

[Epoch 154, batch 100] penalized training loss: 0.306
[Epoch 154, batch 200] penalized training loss: 0.398
[Epoch 154, batch 300] penalized training loss: 0.293
[Epoch 154] Average test loss: 0.502, error: 8.37%
               Training loss: 0.307, error: 0.96%

[Epoch 155, batch 100] penalized training loss: 0.319
[Epoch 155, batch 200] penalized training loss: 0.369
[Epoch 155, batch 300] penalized training loss: 0.309
[Epoch 155] Average test loss: 0.523, error: 8.84%
               Training loss: 0.317, error: 1.05%

[Epoch 156, batch 100] penalized training loss: 0.387
[Epoch 156, batch 200] penalized training loss: 0.347
[Epoch 156, batch 300] penalized training loss: 0.301
[Epoch 156] Average test loss: 0.507, error: 8.39%
               Training loss: 0.313, error: 0.98%

[Epoch 157, batch 100] penalized training loss: 0.335
[Epoch 157, batch 200] penalized training loss: 0.34
[Epoch 157, batch 300] penalized training loss: 0.338
[Epoch 157] Average test loss: 0.508, error: 8.32%
               Training loss: 0.308, error: 0.87%

[Epoch 158, batch 100] penalized training loss: 0.303
[Epoch 158, batch 200] penalized training loss: 0.366
[Epoch 158, batch 300] penalized training loss: 0.335
[Epoch 158] Average test loss: 0.517, error: 8.62%
               Training loss: 0.307, error: 0.84%

[Epoch 159, batch 100] penalized training loss: 0.331
[Epoch 159, batch 200] penalized training loss: 0.323
[Epoch 159, batch 300] penalized training loss: 0.293
[Epoch 159] Average test loss: 0.502, error: 8.13%
               Training loss: 0.299, error: 0.46%

[Epoch 160, batch 100] penalized training loss: 0.349
[Epoch 160, batch 200] penalized training loss: 0.3
[Epoch 160, batch 300] penalized training loss: 0.34
[Epoch 160] Average test loss: 0.500, error: 8.01%
               Training loss: 0.298, error: 0.47%

[Epoch 161, batch 100] penalized training loss: 0.313
[Epoch 161, batch 200] penalized training loss: 0.305
[Epoch 161, batch 300] penalized training loss: 0.328
[Epoch 161] Average test loss: 0.497, error: 7.86%
               Training loss: 0.297, error: 0.38%

[Epoch 162, batch 100] penalized training loss: 0.296
[Epoch 162, batch 200] penalized training loss: 0.31
[Epoch 162, batch 300] penalized training loss: 0.313
[Epoch 162] Average test loss: 0.497, error: 7.66%
               Training loss: 0.296, error: 0.33%

[Epoch 163, batch 100] penalized training loss: 0.32
[Epoch 163, batch 200] penalized training loss: 0.298
[Epoch 163, batch 300] penalized training loss: 0.336
[Epoch 163] Average test loss: 0.497, error: 7.78%
               Training loss: 0.295, error: 0.31%

[Epoch 164, batch 100] penalized training loss: 0.291
[Epoch 164, batch 200] penalized training loss: 0.289
[Epoch 164, batch 300] penalized training loss: 0.31
[Epoch 164] Average test loss: 0.496, error: 7.69%
               Training loss: 0.295, error: 0.31%

[Epoch 165, batch 100] penalized training loss: 0.331
[Epoch 165, batch 200] penalized training loss: 0.363
[Epoch 165, batch 300] penalized training loss: 0.317
[Epoch 165] Average test loss: 0.495, error: 7.51%
               Training loss: 0.295, error: 0.30%

[Epoch 166, batch 100] penalized training loss: 0.318
[Epoch 166, batch 200] penalized training loss: 0.313
[Epoch 166, batch 300] penalized training loss: 0.326
[Epoch 166] Average test loss: 0.494, error: 7.54%
               Training loss: 0.294, error: 0.28%

[Epoch 167, batch 100] penalized training loss: 0.307
[Epoch 167, batch 200] penalized training loss: 0.309
[Epoch 167, batch 300] penalized training loss: 0.312
[Epoch 167] Average test loss: 0.496, error: 7.76%
               Training loss: 0.294, error: 0.29%

[Epoch 168, batch 100] penalized training loss: 0.317
[Epoch 168, batch 200] penalized training loss: 0.3
[Epoch 168, batch 300] penalized training loss: 0.358
[Epoch 168] Average test loss: 0.498, error: 7.74%
               Training loss: 0.294, error: 0.26%

[Epoch 169, batch 100] penalized training loss: 0.326
[Epoch 169, batch 200] penalized training loss: 0.324
[Epoch 169, batch 300] penalized training loss: 0.319
[Epoch 169] Average test loss: 0.500, error: 7.96%
               Training loss: 0.295, error: 0.22%

[Epoch 170, batch 100] penalized training loss: 0.328
[Epoch 170, batch 200] penalized training loss: 0.334
[Epoch 170, batch 300] penalized training loss: 0.314
[Epoch 170] Average test loss: 0.497, error: 7.73%
               Training loss: 0.293, error: 0.25%

[Epoch 171, batch 100] penalized training loss: 0.317
[Epoch 171, batch 200] penalized training loss: 0.31
[Epoch 171, batch 300] penalized training loss: 0.323
[Epoch 171] Average test loss: 0.495, error: 7.65%
               Training loss: 0.292, error: 0.23%

[Epoch 172, batch 100] penalized training loss: 0.319
[Epoch 172, batch 200] penalized training loss: 0.301
[Epoch 172, batch 300] penalized training loss: 0.309
[Epoch 172] Average test loss: 0.494, error: 7.63%
               Training loss: 0.291, error: 0.21%

[Epoch 173, batch 100] penalized training loss: 0.306
[Epoch 173, batch 200] penalized training loss: 0.363
[Epoch 173, batch 300] penalized training loss: 0.296
[Epoch 173] Average test loss: 0.499, error: 7.54%
               Training loss: 0.293, error: 0.22%

[Epoch 174, batch 100] penalized training loss: 0.337
[Epoch 174, batch 200] penalized training loss: 0.299
[Epoch 174, batch 300] penalized training loss: 0.313
[Epoch 174] Average test loss: 0.499, error: 7.64%
               Training loss: 0.292, error: 0.18%

[Epoch 175, batch 100] penalized training loss: 0.294
[Epoch 175, batch 200] penalized training loss: 0.308
[Epoch 175, batch 300] penalized training loss: 0.33
[Epoch 175] Average test loss: 0.497, error: 7.84%
               Training loss: 0.289, error: 0.19%

[Epoch 176, batch 100] penalized training loss: 0.291
[Epoch 176, batch 200] penalized training loss: 0.301
[Epoch 176, batch 300] penalized training loss: 0.349
[Epoch 176] Average test loss: 0.497, error: 7.60%
               Training loss: 0.291, error: 0.22%

[Epoch 177, batch 100] penalized training loss: 0.288
[Epoch 177, batch 200] penalized training loss: 0.342
[Epoch 177, batch 300] penalized training loss: 0.301
[Epoch 177] Average test loss: 0.499, error: 7.62%
               Training loss: 0.293, error: 0.20%

[Epoch 178, batch 100] penalized training loss: 0.3
[Epoch 178, batch 200] penalized training loss: 0.339
[Epoch 178, batch 300] penalized training loss: 0.301
[Epoch 178] Average test loss: 0.497, error: 7.63%
               Training loss: 0.293, error: 0.18%

[Epoch 179, batch 100] penalized training loss: 0.306
[Epoch 179, batch 200] penalized training loss: 0.307
[Epoch 179, batch 300] penalized training loss: 0.322
[Epoch 179] Average test loss: 0.494, error: 7.65%
               Training loss: 0.291, error: 0.19%

[Epoch 180, batch 100] penalized training loss: 0.311
[Epoch 180, batch 200] penalized training loss: 0.316
[Epoch 180, batch 300] penalized training loss: 0.307
[Epoch 180] Average test loss: 0.493, error: 7.44%
               Training loss: 0.291, error: 0.19%

[Epoch 181, batch 100] penalized training loss: 0.293
[Epoch 181, batch 200] penalized training loss: 0.31
[Epoch 181, batch 300] penalized training loss: 0.304
[Epoch 181] Average test loss: 0.498, error: 7.51%
               Training loss: 0.291, error: 0.16%

[Epoch 182, batch 100] penalized training loss: 0.297
[Epoch 182, batch 200] penalized training loss: 0.341
[Epoch 182, batch 300] penalized training loss: 0.319
[Epoch 182] Average test loss: 0.496, error: 7.51%
               Training loss: 0.292, error: 0.19%

[Epoch 183, batch 100] penalized training loss: 0.302
[Epoch 183, batch 200] penalized training loss: 0.295
[Epoch 183, batch 300] penalized training loss: 0.291
[Epoch 183] Average test loss: 0.494, error: 7.52%
               Training loss: 0.290, error: 0.16%

[Epoch 184, batch 100] penalized training loss: 0.311
[Epoch 184, batch 200] penalized training loss: 0.314
[Epoch 184, batch 300] penalized training loss: 0.295
[Epoch 184] Average test loss: 0.496, error: 7.50%
               Training loss: 0.290, error: 0.16%

[Epoch 185, batch 100] penalized training loss: 0.316
[Epoch 185, batch 200] penalized training loss: 0.293
[Epoch 185, batch 300] penalized training loss: 0.32
[Epoch 185] Average test loss: 0.496, error: 7.46%
               Training loss: 0.291, error: 0.16%

[Epoch 186, batch 100] penalized training loss: 0.327
[Epoch 186, batch 200] penalized training loss: 0.297
[Epoch 186, batch 300] penalized training loss: 0.307
[Epoch 186] Average test loss: 0.493, error: 7.39%
               Training loss: 0.289, error: 0.15%

[Epoch 187, batch 100] penalized training loss: 0.336
[Epoch 187, batch 200] penalized training loss: 0.305
[Epoch 187, batch 300] penalized training loss: 0.323
[Epoch 187] Average test loss: 0.496, error: 7.66%
               Training loss: 0.290, error: 0.19%

[Epoch 188, batch 100] penalized training loss: 0.293
[Epoch 188, batch 200] penalized training loss: 0.299
[Epoch 188, batch 300] penalized training loss: 0.308
[Epoch 188] Average test loss: 0.495, error: 7.55%
               Training loss: 0.288, error: 0.15%

[Epoch 189, batch 100] penalized training loss: 0.3
[Epoch 189, batch 200] penalized training loss: 0.316
[Epoch 189, batch 300] penalized training loss: 0.3
[Epoch 189] Average test loss: 0.495, error: 7.53%
               Training loss: 0.290, error: 0.17%

[Epoch 190, batch 100] penalized training loss: 0.295
[Epoch 190, batch 200] penalized training loss: 0.31
[Epoch 190, batch 300] penalized training loss: 0.316
[Epoch 190] Average test loss: 0.493, error: 7.47%
               Training loss: 0.290, error: 0.16%

[Epoch 191, batch 100] penalized training loss: 0.29
[Epoch 191, batch 200] penalized training loss: 0.331
[Epoch 191, batch 300] penalized training loss: 0.316
[Epoch 191] Average test loss: 0.494, error: 7.37%
               Training loss: 0.290, error: 0.16%

[Epoch 192, batch 100] penalized training loss: 0.346
[Epoch 192, batch 200] penalized training loss: 0.308
[Epoch 192, batch 300] penalized training loss: 0.296
[Epoch 192] Average test loss: 0.497, error: 7.72%
               Training loss: 0.290, error: 0.15%

[Epoch 193, batch 100] penalized training loss: 0.318
[Epoch 193, batch 200] penalized training loss: 0.304
[Epoch 193, batch 300] penalized training loss: 0.29
[Epoch 193] Average test loss: 0.496, error: 7.62%
               Training loss: 0.290, error: 0.13%

[Epoch 194, batch 100] penalized training loss: 0.298
[Epoch 194, batch 200] penalized training loss: 0.33
[Epoch 194, batch 300] penalized training loss: 0.318
[Epoch 194] Average test loss: 0.496, error: 7.52%
               Training loss: 0.290, error: 0.13%

[Epoch 195, batch 100] penalized training loss: 0.297
[Epoch 195, batch 200] penalized training loss: 0.329
[Epoch 195, batch 300] penalized training loss: 0.326
[Epoch 195] Average test loss: 0.495, error: 7.58%
               Training loss: 0.290, error: 0.15%

[Epoch 196, batch 100] penalized training loss: 0.318
[Epoch 196, batch 200] penalized training loss: 0.325
[Epoch 196, batch 300] penalized training loss: 0.291
[Epoch 196] Average test loss: 0.494, error: 7.41%
               Training loss: 0.290, error: 0.15%

[Epoch 197, batch 100] penalized training loss: 0.297
[Epoch 197, batch 200] penalized training loss: 0.297
[Epoch 197, batch 300] penalized training loss: 0.312
[Epoch 197] Average test loss: 0.498, error: 7.65%
               Training loss: 0.290, error: 0.16%

[Epoch 198, batch 100] penalized training loss: 0.297
[Epoch 198, batch 200] penalized training loss: 0.3
[Epoch 198, batch 300] penalized training loss: 0.295
[Epoch 198] Average test loss: 0.498, error: 7.61%
               Training loss: 0.291, error: 0.15%

[Epoch 199, batch 100] penalized training loss: 0.307
[Epoch 199, batch 200] penalized training loss: 0.339
[Epoch 199, batch 300] penalized training loss: 0.306
[Epoch 199] Average test loss: 0.495, error: 7.51%
               Training loss: 0.291, error: 0.12%

